Arguments: 
  /usr/local/share/nvm/versions/node/v22.16.0/bin/node /opt/yarn-v1.22.19/bin/yarn.js install

PATH: 
  /vscode/vscode-server/bin/linux-x64/4437686ffebaf200fa4a6e6e67f735f3edf24ada/bin/remote-cli:/usr/local/share/nvm/versions/node/v22.16.0/bin:/usr/local/share/nvm/current/bin:/usr/local/share/npm-global/bin:/usr/local/share/nvm/versions/node/v22.16.0/bin:/usr/local/share/nvm/current/bin:/usr/local/share/npm-global/bin:/usr/local/sbin:/usr/local/bin:/usr/sbin:/usr/bin:/sbin:/bin:/home/node/.local/bin

Yarn version: 
  1.22.19

Node version: 
  22.16.0

Platform: 
  linux x64

Trace: 
  Error: ENOENT: no such file or directory, open '/home/node/.cache/yarn/v6/npm-@11ty-eleventy-3.1.0-4f977adc0d816d05f1fe1b40fcf78870cec65df1-integrity/node_modules/@11ty/eleventy/.yarn-tarball.tgz'

npm manifest: 
  {
    "name": "phd.maximvdw.be",
    "version": "1.0.0",
    "description": "Interoperable and Discoverable Indoor Positioning Systems",
    "repository": "https://github.com/Maximvdw/phd",
    "author": {
      "name": "Maxim Van de Wynckel",
      "email": "me@maximvdw.be"
    },
    "license": "Apache-2.0",
    "type": "module",
    "private": true,
    "scripts": {
      "clean": "rimraf ./_site",
      "start": "eleventy --serve",
      "build": "eleventy"
    },
    "dependencies": {
      "@11ty/eleventy": "^3.0.0-alpha.20",
      "@11ty/eleventy-activity-feed": "^1.0.9",
      "@11ty/eleventy-img": "^5.0.0",
      "@11ty/eleventy-navigation": "^0.3.5",
      "@11ty/eleventy-plugin-rss": "^1.X",
      "@pdftron/pdfjs-express-viewer": "^8.7.5",
      "@quasibit/eleventy-plugin-sitemap": "^2.2.0",
      "eleventy-plugin-gen-favicons": "^1.1.3",
      "eleventy-plugin-html-validate": "^0.0.5",
      "eleventy-plugin-pdfembed": "^1.0.2",
      "eleventy-plugin-seo": "^0.5.2",
      "eleventy-plugin-toc": "^1.1.5",
      "eleventy-sass": "^3.0.0-beta.0",
      "lodash": "^4.17.21",
      "luxon": "^3.5.0",
      "markdown-it": "^14.1.0",
      "markdown-it-anchor": "^9.2.0",
      "markdown-it-attrs": "^4.3.0",
      "markdown-it-html5-media": "^0.7.1",
      "markdown-it-video": "^0.6.3",
      "nunjucks": "^3.2.4",
      "nunjucks-markdown": "^2.0.1",
      "sharp": "^0.33.5",
      "to-ico": "^1.1.5"
    },
    "devDependencies": {
      "dotenv": "^16.4.7",
      "ora": "^8.1.1",
      "rimraf": "^6.0.1"
    }
  }

yarn manifest: 
  No manifest

Lockfile: 
  No lockfile
